<?xml version="1.0" encoding="utf-8"?><testsuites name="pytest tests"><testsuite name="pytest" errors="0" failures="0" skipped="0" tests="9" time="6.628" timestamp="2026-04-17T12:58:57.635412+00:00" hostname="agent-env-86324ace-27e2-4f80-8205-fb7c0174bbbf"><testcase classname="test_reports.pytest.test_qr_api.TestQREvaluationAPI" name="test_apartment_owner_pass_no_dues" time="1.983" /><testcase classname="test_reports.pytest.test_qr_api.TestQREvaluationAPI" name="test_vendor_pass_no_dues" time="1.977" /><testcase classname="test_reports.pytest.test_qr_api.TestQREvaluationAPI" name="test_nonexistent_apartment_fail" time="0.660" /><testcase classname="test_reports.pytest.test_qr_api.TestQREvaluationAPI" name="test_invalid_qr_format_error" time="0.002" /><testcase classname="test_reports.pytest.test_qr_api.TestQREvaluationAPI" name="test_empty_qr_data_error" time="0.002" /><testcase classname="test_reports.pytest.test_qr_api.TestQREvaluationAPI" name="test_missing_society_in_qr" time="0.002" /><testcase classname="test_reports.pytest.test_qr_api.TestQREvaluationAPI" name="test_unrecognized_qr_format" time="0.002" /><testcase classname="test_reports.pytest.test_qr_api.TestGateAccessLogging" name="test_gate_access_logged_on_pass" time="1.974" /><testcase classname="test_reports.pytest.test_qr_api.TestUserQRFormat" name="test_user_qr_identified" time="0.002" /></testsuite></testsuites>